[2026-05-11T17:21:39.123Z] START GET /api/posts
[2026-05-11T17:21:39.780Z] END GET / - 200 (657ms)
[2026-05-11T17:22:10.620Z] START GET /api/users
[2026-05-11T17:22:10.635Z] END GET / - 200 (15ms)
[2026-05-11T17:23:37.284Z] START POST /api/users
[2026-05-11T17:23:37.360Z] END POST / - 201 (76ms)
[2026-05-11T17:24:07.625Z] START GET /nonexistent
[2026-05-11T17:24:07.627Z] END GET /nonexistent - 404 (2ms)
[2026-05-11T17:35:48.003Z] START GET /api/posts/1/comments
[2026-05-11T17:35:48.425Z] END GET / - 200 (422ms)
[2026-05-11T17:36:28.040Z] START GET /api/posts/2/comments
[2026-05-11T17:36:28.043Z] END GET / - 200 (3ms)
[2026-05-11T17:37:00.330Z] START GET /api/posts/999/comments
[2026-05-11T17:37:00.348Z] END GET / - 404 (18ms)
[2026-05-11T17:39:07.899Z] START POST /api/posts/1/comments
[2026-05-11T17:39:07.902Z] END POST / - 201 (3ms)
[2026-05-11T17:40:19.796Z] START DELETE /api/posts/comments/1
[2026-05-11T17:40:19.798Z] END DELETE /api/posts/comments/1 - 404 (2ms)
[2026-05-11T17:41:16.443Z] START DELETE /api/posts/1/comments/1
[2026-05-11T17:41:16.493Z] END DELETE /1 - 204 (50ms)
[2026-05-11T17:41:44.344Z] START DELETE /api/posts/1/comments/1
[2026-05-11T17:41:44.347Z] END DELETE /1 - 404 (3ms)
